Build started 11/11/2014 10:56:03 AM.
     1>Project "D:\Users\Andrew\Documents\GitHub\Project4\Project4\Project4.vcxproj" on node 2 (Build target(s)).
     1>ClCompile:
         C:\Program Files (x86)\Microsoft Visual Studio 12.0\VC\bin\CL.exe /c /ZI /nologo /W3 /WX- /sdl /Od /Oy- /D _MBCS /Gm /EHsc /RTC1 /MDd /GS /fp:precise /Zc:wchar_t /Zc:forScope /Fo"Debug\\" /Fd"Debug\vc120.pdb" /Gd /TP /analyze- /errorReport:prompt Card.cpp Deck.cpp Game.cpp PlayDeck.cpp Player.cpp StandardDeck.cpp World.cpp main.cpp
         World.cpp
     1>d:\users\andrew\documents\github\project4\project4\world.h(81): warning C4091: 'static ' : ignored on left of 'World' when no variable is declared
     1>d:\users\andrew\documents\github\project4\project4\world.cpp(5): warning C4244: 'argument' : conversion from 'time_t' to 'unsigned int', possible loss of data
     1>d:\users\andrew\documents\github\project4\project4\world.cpp(83): warning C4305: 'argument' : truncation from 'double' to 'float'
     1>d:\users\andrew\documents\github\project4\project4\world.cpp(86): warning C4305: 'argument' : truncation from 'double' to 'float'
     1>d:\users\andrew\documents\github\project4\project4\world.cpp(103): warning C4305: 'argument' : truncation from 'double' to 'float'
     1>d:\users\andrew\documents\github\project4\project4\world.cpp(106): warning C4305: 'argument' : truncation from 'double' to 'float'
     1>d:\users\andrew\documents\github\project4\project4\world.cpp(109): warning C4305: 'argument' : truncation from 'double' to 'float'
     1>d:\users\andrew\documents\github\project4\project4\world.cpp(112): warning C4305: 'argument' : truncation from 'double' to 'float'
     1>d:\users\andrew\documents\github\project4\project4\world.cpp(156): warning C4305: 'argument' : truncation from 'double' to 'float'
     1>d:\users\andrew\documents\github\project4\project4\world.cpp(169): warning C4305: 'initializing' : truncation from 'double' to 'float'
     1>d:\users\andrew\documents\github\project4\project4\world.cpp(170): warning C4305: 'initializing' : truncation from 'double' to 'float'
     1>d:\users\andrew\documents\github\project4\project4\world.cpp(180): warning C4244: 'argument' : conversion from 'double' to 'float', possible loss of data
     1>d:\users\andrew\documents\github\project4\project4\world.cpp(182): warning C4244: 'argument' : conversion from 'double' to 'float', possible loss of data
         Deck.cpp
     1>d:\users\andrew\documents\github\project4\project4\deck.cpp(59): warning C4018: '<' : signed/unsigned mismatch
     1>d:\users\andrew\documents\github\project4\project4\deck.cpp(77): warning C4018: '<' : signed/unsigned mismatch
     1>d:\users\andrew\documents\github\project4\project4\deck.cpp(86): warning C4018: '<' : signed/unsigned mismatch
     1>d:\users\andrew\documents\github\project4\project4\deck.cpp(91): warning C4018: '<' : signed/unsigned mismatch
     1>d:\users\andrew\documents\github\project4\project4\deck.cpp(95): warning C4244: 'argument' : conversion from 'double' to 'float', possible loss of data
     1>d:\users\andrew\documents\github\project4\project4\deck.cpp(98): warning C4244: 'argument' : conversion from 'int' to 'float', possible loss of data
     1>d:\users\andrew\documents\github\project4\project4\deck.cpp(106): warning C4018: '<' : signed/unsigned mismatch
     1>d:\users\andrew\documents\github\project4\project4\deck.cpp(160): warning C4018: '<' : signed/unsigned mismatch
     1>d:\users\andrew\documents\github\project4\project4\deck.cpp(176): warning C4018: '<' : signed/unsigned mismatch
         Card.cpp
         Generating Code...
         Compiling...
         main.cpp
     1>d:\users\andrew\documents\github\project4\project4\world.h(81): warning C4091: 'static ' : ignored on left of 'World' when no variable is declared
         Game.cpp
     1>d:\users\andrew\documents\github\project4\project4\game.cpp(7): warning C4305: '=' : truncation from 'double' to 'float'
     1>d:\users\andrew\documents\github\project4\project4\game.cpp(54): warning C4305: 'argument' : truncation from 'double' to 'float'
     1>d:\users\andrew\documents\github\project4\project4\game.cpp(55): warning C4305: 'argument' : truncation from 'double' to 'float'
     1>d:\users\andrew\documents\github\project4\project4\game.cpp(56): warning C4305: 'argument' : truncation from 'double' to 'float'
     1>d:\users\andrew\documents\github\project4\project4\game.cpp(57): warning C4305: 'argument' : truncation from 'double' to 'float'
     1>d:\users\andrew\documents\github\project4\project4\game.cpp(59): warning C4305: 'argument' : truncation from 'double' to 'float'
     1>d:\users\andrew\documents\github\project4\project4\game.cpp(60): warning C4305: 'argument' : truncation from 'double' to 'float'
     1>d:\users\andrew\documents\github\project4\project4\game.cpp(124): warning C4244: '+=' : conversion from 'double' to 'float', possible loss of data
     1>d:\users\andrew\documents\github\project4\project4\game.cpp(125): warning C4244: '-=' : conversion from 'double' to 'float', possible loss of data
     1>d:\users\andrew\documents\github\project4\project4\game.cpp(135): warning C4018: '>=' : signed/unsigned mismatch
     1>d:\users\andrew\documents\github\project4\project4\game.cpp(140): warning C4018: '>=' : signed/unsigned mismatch
     1>d:\users\andrew\documents\github\project4\project4\game.cpp(217): warning C4018: '<' : signed/unsigned mismatch
     1>d:\users\andrew\documents\github\project4\project4\game.cpp(253): warning C4244: 'argument' : conversion from 'double' to 'float', possible loss of data
     1>d:\users\andrew\documents\github\project4\project4\game.cpp(254): warning C4244: 'argument' : conversion from 'double' to 'float', possible loss of data
     1>d:\users\andrew\documents\github\project4\project4\game.cpp(258): warning C4244: 'argument' : conversion from 'double' to 'float', possible loss of data
     1>d:\users\andrew\documents\github\project4\project4\game.cpp(259): warning C4244: 'argument' : conversion from 'double' to 'float', possible loss of data
     1>d:\users\andrew\documents\github\project4\project4\game.cpp(325): warning C4244: 'argument' : conversion from 'double' to 'float', possible loss of data
     1>d:\users\andrew\documents\github\project4\project4\game.cpp(326): warning C4244: 'argument' : conversion from 'double' to 'float', possible loss of data
     1>d:\users\andrew\documents\github\project4\project4\game.cpp(330): warning C4244: 'argument' : conversion from 'double' to 'float', possible loss of data
     1>d:\users\andrew\documents\github\project4\project4\game.cpp(331): warning C4244: 'argument' : conversion from 'double' to 'float', possible loss of data
     1>d:\users\andrew\documents\github\project4\project4\game.cpp(382): warning C4244: 'argument' : conversion from 'double' to 'float', possible loss of data
     1>d:\users\andrew\documents\github\project4\project4\game.cpp(386): warning C4244: 'argument' : conversion from 'double' to 'float', possible loss of data
     1>d:\users\andrew\documents\github\project4\project4\game.cpp(441): warning C4244: 'argument' : conversion from 'double' to 'float', possible loss of data
     1>d:\users\andrew\documents\github\project4\project4\game.cpp(445): warning C4244: 'argument' : conversion from 'double' to 'float', possible loss of data
         Generating Code...
         Skipping... (no relevant changes detected)
         StandardDeck.cpp
         Player.cpp
         PlayDeck.cpp
       Link:
         C:\Program Files (x86)\Microsoft Visual Studio 12.0\VC\bin\link.exe /ERRORREPORT:PROMPT /OUT:"D:\Users\Andrew\Documents\GitHub\Project4\Debug\Project4.exe" /INCREMENTAL /NOLOGO freeglut.lib glew32.lib kernel32.lib user32.lib gdi32.lib winspool.lib comdlg32.lib advapi32.lib shell32.lib ole32.lib oleaut32.lib uuid.lib odbc32.lib odbccp32.lib /MANIFEST /MANIFESTUAC:"level='asInvoker' uiAccess='false'" /manifest:embed /DEBUG /PDB:"D:\Users\Andrew\Documents\GitHub\Project4\Debug\Project4.pdb" /TLBID:1 /DYNAMICBASE /NXCOMPAT /IMPLIB:"D:\Users\Andrew\Documents\GitHub\Project4\Debug\Project4.lib" /MACHINE:X86 Debug\Axes.obj
         Debug\Camera.obj
         Debug\Card.obj
         Debug\Deck.obj
         Debug\Object.obj
         Debug\PlayDeck.obj
         Debug\DirectionalLight.obj
         Debug\Game.obj
         Debug\LoadShaders.obj
         Debug\lodepng.obj
         Debug\main.obj
         Debug\Model.obj
         Debug\Player.obj
         Debug\PointLight.obj
         Debug\Room.obj
         Debug\Shader.obj
         Debug\ShadowMap.obj
         Debug\StandardDeck.obj
         Debug\Texture.obj
         Debug\World.obj
         Project4.vcxproj -> D:\Users\Andrew\Documents\GitHub\Project4\Debug\Project4.exe
     1>Done Building Project "D:\Users\Andrew\Documents\GitHub\Project4\Project4\Project4.vcxproj" (Build target(s)).

Build succeeded.

Time Elapsed 00:00:06.07
